::1 - - [Fri, 08 Jan 2016 12:25:52 GMT] "GET / HTTP/1.1" 304 - "-" "Mozilla/5.0 (iPhone; CPU iPhone OS 8_0 like Mac OS X) AppleWebKit/600.1.3 (KHTML, like Gecko) Version/8.0 Mobile/12A4345d Safari/600.1.4"
::1 - - [Fri, 08 Jan 2016 12:25:52 GMT] "GET /vendor/flat-ui/css/vendor/bootstrap.min.css HTTP/1.1" 304 - "http://localhost:3000/" "Mozilla/5.0 (iPhone; CPU iPhone OS 8_0 like Mac OS X) AppleWebKit/600.1.3 (KHTML, like Gecko) Version/8.0 Mobile/12A4345d Safari/600.1.4"
::1 - - [Fri, 08 Jan 2016 12:25:52 GMT] "GET /vendor/flat-ui/css/flat-ui.css HTTP/1.1" 304 - "http://localhost:3000/" "Mozilla/5.0 (iPhone; CPU iPhone OS 8_0 like Mac OS X) AppleWebKit/600.1.3 (KHTML, like Gecko) Version/8.0 Mobile/12A4345d Safari/600.1.4"
::1 - - [Fri, 08 Jan 2016 12:25:52 GMT] "GET /assets/css/style.css HTTP/1.1" 304 - "http://localhost:3000/" "Mozilla/5.0 (iPhone; CPU iPhone OS 8_0 like Mac OS X) AppleWebKit/600.1.3 (KHTML, like Gecko) Version/8.0 Mobile/12A4345d Safari/600.1.4"
::1 - - [Fri, 08 Jan 2016 12:25:52 GMT] "GET /vendor/bootstrap-social/bootstrap-social.css HTTP/1.1" 304 - "http://localhost:3000/" "Mozilla/5.0 (iPhone; CPU iPhone OS 8_0 like Mac OS X) AppleWebKit/600.1.3 (KHTML, like Gecko) Version/8.0 Mobile/12A4345d Safari/600.1.4"
::1 - - [Fri, 08 Jan 2016 12:25:52 GMT] "GET /vendor/jquery/jquery.min.js HTTP/1.1" 304 - "http://localhost:3000/" "Mozilla/5.0 (iPhone; CPU iPhone OS 8_0 like Mac OS X) AppleWebKit/600.1.3 (KHTML, like Gecko) Version/8.0 Mobile/12A4345d Safari/600.1.4"
::1 - - [Fri, 08 Jan 2016 12:25:52 GMT] "GET /vendor/flat-ui/js/vendor/html5shiv.js HTTP/1.1" 304 - "http://localhost:3000/" "Mozilla/5.0 (iPhone; CPU iPhone OS 8_0 like Mac OS X) AppleWebKit/600.1.3 (KHTML, like Gecko) Version/8.0 Mobile/12A4345d Safari/600.1.4"
::1 - - [Fri, 08 Jan 2016 12:25:52 GMT] "GET /vendor/flat-ui/js/vendor/respond.min.js HTTP/1.1" 304 - "http://localhost:3000/" "Mozilla/5.0 (iPhone; CPU iPhone OS 8_0 like Mac OS X) AppleWebKit/600.1.3 (KHTML, like Gecko) Version/8.0 Mobile/12A4345d Safari/600.1.4"
::1 - - [Fri, 08 Jan 2016 12:25:52 GMT] "GET /vendor/flat-ui/js/vendor/video.js HTTP/1.1" 304 - "http://localhost:3000/" "Mozilla/5.0 (iPhone; CPU iPhone OS 8_0 like Mac OS X) AppleWebKit/600.1.3 (KHTML, like Gecko) Version/8.0 Mobile/12A4345d Safari/600.1.4"
::1 - - [Fri, 08 Jan 2016 12:25:53 GMT] "GET /vendor/flat-ui/js/flat-ui.min.js HTTP/1.1" 304 - "http://localhost:3000/" "Mozilla/5.0 (iPhone; CPU iPhone OS 8_0 like Mac OS X) AppleWebKit/600.1.3 (KHTML, like Gecko) Version/8.0 Mobile/12A4345d Safari/600.1.4"
::1 - - [Fri, 08 Jan 2016 12:25:53 GMT] "GET /vendor/angular-full/angular.min.js HTTP/1.1" 401 12 "http://localhost:3000/" "Mozilla/5.0 (iPhone; CPU iPhone OS 8_0 like Mac OS X) AppleWebKit/600.1.3 (KHTML, like Gecko) Version/8.0 Mobile/12A4345d Safari/600.1.4"
::1 - - [Fri, 08 Jan 2016 12:25:53 GMT] "GET /vendor/angular-full/angular-resource.min.js HTTP/1.1" 401 12 "http://localhost:3000/" "Mozilla/5.0 (iPhone; CPU iPhone OS 8_0 like Mac OS X) AppleWebKit/600.1.3 (KHTML, like Gecko) Version/8.0 Mobile/12A4345d Safari/600.1.4"
::1 - - [Fri, 08 Jan 2016 12:25:53 GMT] "GET /vendor/angular-full/angular-cookies.min.js HTTP/1.1" 401 12 "http://localhost:3000/" "Mozilla/5.0 (iPhone; CPU iPhone OS 8_0 like Mac OS X) AppleWebKit/600.1.3 (KHTML, like Gecko) Version/8.0 Mobile/12A4345d Safari/600.1.4"
::1 - - [Fri, 08 Jan 2016 12:25:53 GMT] "GET /vendor/angular-full/angular-route.js HTTP/1.1" 401 12 "http://localhost:3000/" "Mozilla/5.0 (iPhone; CPU iPhone OS 8_0 like Mac OS X) AppleWebKit/600.1.3 (KHTML, like Gecko) Version/8.0 Mobile/12A4345d Safari/600.1.4"
::1 - - [Fri, 08 Jan 2016 12:25:53 GMT] "GET /vendor/ng-file-upload/ng-file-upload.min.js HTTP/1.1" 401 12 "http://localhost:3000/" "Mozilla/5.0 (iPhone; CPU iPhone OS 8_0 like Mac OS X) AppleWebKit/600.1.3 (KHTML, like Gecko) Version/8.0 Mobile/12A4345d Safari/600.1.4"
::1 - - [Fri, 08 Jan 2016 12:25:53 GMT] "GET /common/directives/match.js HTTP/1.1" 304 - "http://localhost:3000/" "Mozilla/5.0 (iPhone; CPU iPhone OS 8_0 like Mac OS X) AppleWebKit/600.1.3 (KHTML, like Gecko) Version/8.0 Mobile/12A4345d Safari/600.1.4"
::1 - - [Fri, 08 Jan 2016 12:25:53 GMT] "GET /vendor/angular-moment/angular-moment.js HTTP/1.1" 304 - "http://localhost:3000/" "Mozilla/5.0 (iPhone; CPU iPhone OS 8_0 like Mac OS X) AppleWebKit/600.1.3 (KHTML, like Gecko) Version/8.0 Mobile/12A4345d Safari/600.1.4"
::1 - - [Fri, 08 Jan 2016 12:25:53 GMT] "GET /vendor/ngstorage/ngStorage.min.js HTTP/1.1" 304 - "http://localhost:3000/" "Mozilla/5.0 (iPhone; CPU iPhone OS 8_0 like Mac OS X) AppleWebKit/600.1.3 (KHTML, like Gecko) Version/8.0 Mobile/12A4345d Safari/600.1.4"
::1 - - [Fri, 08 Jan 2016 12:25:53 GMT] "GET /vendor/angular-ui-router/angular-ui-router.min.js HTTP/1.1" 304 - "http://localhost:3000/" "Mozilla/5.0 (iPhone; CPU iPhone OS 8_0 like Mac OS X) AppleWebKit/600.1.3 (KHTML, like Gecko) Version/8.0 Mobile/12A4345d Safari/600.1.4"
::1 - - [Fri, 08 Jan 2016 12:25:53 GMT] "GET /vendor/angular-clipboard/angular-clipboard.js HTTP/1.1" 304 - "http://localhost:3000/" "Mozilla/5.0 (iPhone; CPU iPhone OS 8_0 like Mac OS X) AppleWebKit/600.1.3 (KHTML, like Gecko) Version/8.0 Mobile/12A4345d Safari/600.1.4"
::1 - - [Fri, 08 Jan 2016 12:25:53 GMT] "GET /vendor/angular-http-auth/http-auth-interceptor.js HTTP/1.1" 304 - "http://localhost:3000/" "Mozilla/5.0 (iPhone; CPU iPhone OS 8_0 like Mac OS X) AppleWebKit/600.1.3 (KHTML, like Gecko) Version/8.0 Mobile/12A4345d Safari/600.1.4"
::1 - - [Fri, 08 Jan 2016 12:25:53 GMT] "GET /common/directives/FormShowError.js HTTP/1.1" 304 - "http://localhost:3000/" "Mozilla/5.0 (iPhone; CPU iPhone OS 8_0 like Mac OS X) AppleWebKit/600.1.3 (KHTML, like Gecko) Version/8.0 Mobile/12A4345d Safari/600.1.4"
::1 - - [Fri, 08 Jan 2016 12:25:53 GMT] "GET /common/directives/scrollGlue.js HTTP/1.1" 304 - "http://localhost:3000/" "Mozilla/5.0 (iPhone; CPU iPhone OS 8_0 like Mac OS X) AppleWebKit/600.1.3 (KHTML, like Gecko) Version/8.0 Mobile/12A4345d Safari/600.1.4"
::1 - - [Fri, 08 Jan 2016 12:25:53 GMT] "GET /app/authorization/AuthServices.js HTTP/1.1" 304 - "http://localhost:3000/" "Mozilla/5.0 (iPhone; CPU iPhone OS 8_0 like Mac OS X) AppleWebKit/600.1.3 (KHTML, like Gecko) Version/8.0 Mobile/12A4345d Safari/600.1.4"
::1 - - [Fri, 08 Jan 2016 12:25:53 GMT] "GET /app/app.js HTTP/1.1" 304 - "http://localhost:3000/" "Mozilla/5.0 (iPhone; CPU iPhone OS 8_0 like Mac OS X) AppleWebKit/600.1.3 (KHTML, like Gecko) Version/8.0 Mobile/12A4345d Safari/600.1.4"
::1 - - [Fri, 08 Jan 2016 12:25:53 GMT] "GET /app/authorization/authorization.js HTTP/1.1" 304 - "http://localhost:3000/" "Mozilla/5.0 (iPhone; CPU iPhone OS 8_0 like Mac OS X) AppleWebKit/600.1.3 (KHTML, like Gecko) Version/8.0 Mobile/12A4345d Safari/600.1.4"
::1 - - [Fri, 08 Jan 2016 12:25:53 GMT] "GET /vendor/flat-ui/css/flat-ui.css.map HTTP/1.1" 304 - "-" "Mozilla/5.0 (Macintosh; Intel Mac OS X 10_10_3) AppleWebKit/537.36 (KHTML, like Gecko) Chrome/44.0.2403.157 Safari/537.36"
::1 - - [Fri, 08 Jan 2016 12:25:53 GMT] "GET /vendor/jquery/jquery.min.map HTTP/1.1" 304 - "-" "Mozilla/5.0 (Macintosh; Intel Mac OS X 10_10_3) AppleWebKit/537.36 (KHTML, like Gecko) Chrome/44.0.2403.157 Safari/537.36"
::1 - - [Fri, 08 Jan 2016 12:25:53 GMT] "GET /vendor/flat-ui/fonts/lato/lato-regular.woff HTTP/1.1" 304 - "http://localhost:3000/" "Mozilla/5.0 (iPhone; CPU iPhone OS 8_0 like Mac OS X) AppleWebKit/600.1.3 (KHTML, like Gecko) Version/8.0 Mobile/12A4345d Safari/600.1.4"
::1 - - [Fri, 08 Jan 2016 12:27:54 GMT] "GET / HTTP/1.1" 304 - "-" "Mozilla/5.0 (iPhone; CPU iPhone OS 8_0 like Mac OS X) AppleWebKit/600.1.3 (KHTML, like Gecko) Version/8.0 Mobile/12A4345d Safari/600.1.4"
::1 - - [Fri, 08 Jan 2016 12:27:54 GMT] "GET /assets/css/style.css HTTP/1.1" 304 - "http://localhost:3000/" "Mozilla/5.0 (iPhone; CPU iPhone OS 8_0 like Mac OS X) AppleWebKit/600.1.3 (KHTML, like Gecko) Version/8.0 Mobile/12A4345d Safari/600.1.4"
::1 - - [Fri, 08 Jan 2016 12:27:54 GMT] "GET /vendor/flat-ui/css/vendor/bootstrap.min.css HTTP/1.1" 304 - "http://localhost:3000/" "Mozilla/5.0 (iPhone; CPU iPhone OS 8_0 like Mac OS X) AppleWebKit/600.1.3 (KHTML, like Gecko) Version/8.0 Mobile/12A4345d Safari/600.1.4"
::1 - - [Fri, 08 Jan 2016 12:27:54 GMT] "GET /vendor/flat-ui/css/flat-ui.css HTTP/1.1" 304 - "http://localhost:3000/" "Mozilla/5.0 (iPhone; CPU iPhone OS 8_0 like Mac OS X) AppleWebKit/600.1.3 (KHTML, like Gecko) Version/8.0 Mobile/12A4345d Safari/600.1.4"
::1 - - [Fri, 08 Jan 2016 12:27:54 GMT] "GET /vendor/bootstrap-social/bootstrap-social.css HTTP/1.1" 304 - "http://localhost:3000/" "Mozilla/5.0 (iPhone; CPU iPhone OS 8_0 like Mac OS X) AppleWebKit/600.1.3 (KHTML, like Gecko) Version/8.0 Mobile/12A4345d Safari/600.1.4"
::1 - - [Fri, 08 Jan 2016 12:27:54 GMT] "GET /vendor/jquery/jquery.min.js HTTP/1.1" 304 - "http://localhost:3000/" "Mozilla/5.0 (iPhone; CPU iPhone OS 8_0 like Mac OS X) AppleWebKit/600.1.3 (KHTML, like Gecko) Version/8.0 Mobile/12A4345d Safari/600.1.4"
::1 - - [Fri, 08 Jan 2016 12:27:54 GMT] "GET /vendor/flat-ui/js/vendor/html5shiv.js HTTP/1.1" 304 - "http://localhost:3000/" "Mozilla/5.0 (iPhone; CPU iPhone OS 8_0 like Mac OS X) AppleWebKit/600.1.3 (KHTML, like Gecko) Version/8.0 Mobile/12A4345d Safari/600.1.4"
::1 - - [Fri, 08 Jan 2016 12:27:54 GMT] "GET /vendor/flat-ui/js/vendor/respond.min.js HTTP/1.1" 304 - "http://localhost:3000/" "Mozilla/5.0 (iPhone; CPU iPhone OS 8_0 like Mac OS X) AppleWebKit/600.1.3 (KHTML, like Gecko) Version/8.0 Mobile/12A4345d Safari/600.1.4"
::1 - - [Fri, 08 Jan 2016 12:27:54 GMT] "GET /vendor/flat-ui/js/vendor/video.js HTTP/1.1" 304 - "http://localhost:3000/" "Mozilla/5.0 (iPhone; CPU iPhone OS 8_0 like Mac OS X) AppleWebKit/600.1.3 (KHTML, like Gecko) Version/8.0 Mobile/12A4345d Safari/600.1.4"
::1 - - [Fri, 08 Jan 2016 12:27:54 GMT] "GET /vendor/flat-ui/js/flat-ui.min.js HTTP/1.1" 304 - "http://localhost:3000/" "Mozilla/5.0 (iPhone; CPU iPhone OS 8_0 like Mac OS X) AppleWebKit/600.1.3 (KHTML, like Gecko) Version/8.0 Mobile/12A4345d Safari/600.1.4"
::1 - - [Fri, 08 Jan 2016 12:27:54 GMT] "GET /vendor/angular-moment/angular-moment.js HTTP/1.1" 304 - "http://localhost:3000/" "Mozilla/5.0 (iPhone; CPU iPhone OS 8_0 like Mac OS X) AppleWebKit/600.1.3 (KHTML, like Gecko) Version/8.0 Mobile/12A4345d Safari/600.1.4"
::1 - - [Fri, 08 Jan 2016 12:27:54 GMT] "GET /vendor/ng-file-upload/ng-file-upload.min.js HTTP/1.1" 401 12 "http://localhost:3000/" "Mozilla/5.0 (iPhone; CPU iPhone OS 8_0 like Mac OS X) AppleWebKit/600.1.3 (KHTML, like Gecko) Version/8.0 Mobile/12A4345d Safari/600.1.4"
::1 - - [Fri, 08 Jan 2016 12:27:54 GMT] "GET /vendor/angular-full/angular-resource.min.js HTTP/1.1" 200 3581 "http://localhost:3000/" "Mozilla/5.0 (iPhone; CPU iPhone OS 8_0 like Mac OS X) AppleWebKit/600.1.3 (KHTML, like Gecko) Version/8.0 Mobile/12A4345d Safari/600.1.4"
::1 - - [Fri, 08 Jan 2016 12:27:54 GMT] "GET /vendor/angular-full/angular-route.js HTTP/1.1" 200 35355 "http://localhost:3000/" "Mozilla/5.0 (iPhone; CPU iPhone OS 8_0 like Mac OS X) AppleWebKit/600.1.3 (KHTML, like Gecko) Version/8.0 Mobile/12A4345d Safari/600.1.4"
::1 - - [Fri, 08 Jan 2016 12:27:54 GMT] "GET /vendor/angular-full/angular.min.js HTTP/1.1" 200 123199 "http://localhost:3000/" "Mozilla/5.0 (iPhone; CPU iPhone OS 8_0 like Mac OS X) AppleWebKit/600.1.3 (KHTML, like Gecko) Version/8.0 Mobile/12A4345d Safari/600.1.4"
::1 - - [Fri, 08 Jan 2016 12:27:54 GMT] "GET /vendor/angular-full/angular-cookies.min.js HTTP/1.1" 200 824 "http://localhost:3000/" "Mozilla/5.0 (iPhone; CPU iPhone OS 8_0 like Mac OS X) AppleWebKit/600.1.3 (KHTML, like Gecko) Version/8.0 Mobile/12A4345d Safari/600.1.4"
::1 - - [Fri, 08 Jan 2016 12:27:54 GMT] "GET /common/directives/match.js HTTP/1.1" 304 - "http://localhost:3000/" "Mozilla/5.0 (iPhone; CPU iPhone OS 8_0 like Mac OS X) AppleWebKit/600.1.3 (KHTML, like Gecko) Version/8.0 Mobile/12A4345d Safari/600.1.4"
::1 - - [Fri, 08 Jan 2016 12:27:54 GMT] "GET /vendor/ngstorage/ngStorage.min.js HTTP/1.1" 304 - "http://localhost:3000/" "Mozilla/5.0 (iPhone; CPU iPhone OS 8_0 like Mac OS X) AppleWebKit/600.1.3 (KHTML, like Gecko) Version/8.0 Mobile/12A4345d Safari/600.1.4"
::1 - - [Fri, 08 Jan 2016 12:27:54 GMT] "GET /vendor/angular-ui-router/angular-ui-router.min.js HTTP/1.1" 304 - "http://localhost:3000/" "Mozilla/5.0 (iPhone; CPU iPhone OS 8_0 like Mac OS X) AppleWebKit/600.1.3 (KHTML, like Gecko) Version/8.0 Mobile/12A4345d Safari/600.1.4"
::1 - - [Fri, 08 Jan 2016 12:27:54 GMT] "GET /vendor/angular-clipboard/angular-clipboard.js HTTP/1.1" 304 - "http://localhost:3000/" "Mozilla/5.0 (iPhone; CPU iPhone OS 8_0 like Mac OS X) AppleWebKit/600.1.3 (KHTML, like Gecko) Version/8.0 Mobile/12A4345d Safari/600.1.4"
::1 - - [Fri, 08 Jan 2016 12:27:54 GMT] "GET /vendor/angular-http-auth/http-auth-interceptor.js HTTP/1.1" 304 - "http://localhost:3000/" "Mozilla/5.0 (iPhone; CPU iPhone OS 8_0 like Mac OS X) AppleWebKit/600.1.3 (KHTML, like Gecko) Version/8.0 Mobile/12A4345d Safari/600.1.4"
::1 - - [Fri, 08 Jan 2016 12:27:54 GMT] "GET /common/directives/FormShowError.js HTTP/1.1" 304 - "http://localhost:3000/" "Mozilla/5.0 (iPhone; CPU iPhone OS 8_0 like Mac OS X) AppleWebKit/600.1.3 (KHTML, like Gecko) Version/8.0 Mobile/12A4345d Safari/600.1.4"
::1 - - [Fri, 08 Jan 2016 12:27:54 GMT] "GET /common/directives/scrollGlue.js HTTP/1.1" 304 - "http://localhost:3000/" "Mozilla/5.0 (iPhone; CPU iPhone OS 8_0 like Mac OS X) AppleWebKit/600.1.3 (KHTML, like Gecko) Version/8.0 Mobile/12A4345d Safari/600.1.4"
::1 - - [Fri, 08 Jan 2016 12:27:54 GMT] "GET /app/authorization/AuthServices.js HTTP/1.1" 304 - "http://localhost:3000/" "Mozilla/5.0 (iPhone; CPU iPhone OS 8_0 like Mac OS X) AppleWebKit/600.1.3 (KHTML, like Gecko) Version/8.0 Mobile/12A4345d Safari/600.1.4"
::1 - - [Fri, 08 Jan 2016 12:27:54 GMT] "GET /app/app.js HTTP/1.1" 304 - "http://localhost:3000/" "Mozilla/5.0 (iPhone; CPU iPhone OS 8_0 like Mac OS X) AppleWebKit/600.1.3 (KHTML, like Gecko) Version/8.0 Mobile/12A4345d Safari/600.1.4"
::1 - - [Fri, 08 Jan 2016 12:27:54 GMT] "GET /app/authorization/authorization.js HTTP/1.1" 304 - "http://localhost:3000/" "Mozilla/5.0 (iPhone; CPU iPhone OS 8_0 like Mac OS X) AppleWebKit/600.1.3 (KHTML, like Gecko) Version/8.0 Mobile/12A4345d Safari/600.1.4"
::1 - - [Fri, 08 Jan 2016 12:27:54 GMT] "GET /vendor/flat-ui/css/flat-ui.css.map HTTP/1.1" 304 - "-" "Mozilla/5.0 (Macintosh; Intel Mac OS X 10_10_3) AppleWebKit/537.36 (KHTML, like Gecko) Chrome/44.0.2403.157 Safari/537.36"
::1 - - [Fri, 08 Jan 2016 12:27:54 GMT] "GET /vendor/jquery/jquery.min.map HTTP/1.1" 304 - "-" "Mozilla/5.0 (Macintosh; Intel Mac OS X 10_10_3) AppleWebKit/537.36 (KHTML, like Gecko) Chrome/44.0.2403.157 Safari/537.36"
::1 - - [Fri, 08 Jan 2016 12:27:54 GMT] "GET /vendor/angular-full/angular-resource.min.js.map HTTP/1.1" 200 9339 "-" "Mozilla/5.0 (Macintosh; Intel Mac OS X 10_10_3) AppleWebKit/537.36 (KHTML, like Gecko) Chrome/44.0.2403.157 Safari/537.36"
::1 - - [Fri, 08 Jan 2016 12:27:54 GMT] "GET /vendor/angular-full/angular.min.js.map HTTP/1.1" 200 340629 "-" "Mozilla/5.0 (Macintosh; Intel Mac OS X 10_10_3) AppleWebKit/537.36 (KHTML, like Gecko) Chrome/44.0.2403.157 Safari/537.36"
::1 - - [Fri, 08 Jan 2016 12:27:54 GMT] "GET /vendor/flat-ui/fonts/lato/lato-regular.woff HTTP/1.1" 304 - "http://localhost:3000/" "Mozilla/5.0 (iPhone; CPU iPhone OS 8_0 like Mac OS X) AppleWebKit/600.1.3 (KHTML, like Gecko) Version/8.0 Mobile/12A4345d Safari/600.1.4"
::1 - - [Fri, 08 Jan 2016 12:27:54 GMT] "GET /app/header.tpl.html HTTP/1.1" 304 - "http://localhost:3000/" "Mozilla/5.0 (iPhone; CPU iPhone OS 8_0 like Mac OS X) AppleWebKit/600.1.3 (KHTML, like Gecko) Version/8.0 Mobile/12A4345d Safari/600.1.4"
::1 - - [Fri, 08 Jan 2016 12:27:54 GMT] "GET /auth/test?get=%7B%22method%22:%22GET%22,%22isArray%22:false%7D HTTP/1.1" 304 - "http://localhost:3000/" "Mozilla/5.0 (iPhone; CPU iPhone OS 8_0 like Mac OS X) AppleWebKit/600.1.3 (KHTML, like Gecko) Version/8.0 Mobile/12A4345d Safari/600.1.4"
::1 - - [Fri, 08 Jan 2016 12:27:54 GMT] "GET /app/footer.tpl.html HTTP/1.1" 304 - "http://localhost:3000/" "Mozilla/5.0 (iPhone; CPU iPhone OS 8_0 like Mac OS X) AppleWebKit/600.1.3 (KHTML, like Gecko) Version/8.0 Mobile/12A4345d Safari/600.1.4"
::1 - - [Fri, 08 Jan 2016 12:27:54 GMT] "GET /app/index.tpl.html HTTP/1.1" 304 - "http://localhost:3000/" "Mozilla/5.0 (iPhone; CPU iPhone OS 8_0 like Mac OS X) AppleWebKit/600.1.3 (KHTML, like Gecko) Version/8.0 Mobile/12A4345d Safari/600.1.4"
::1 - - [Fri, 08 Jan 2016 12:27:55 GMT] "GET /vendor/angular-full/angular-cookies.min.js.map HTTP/1.1" 200 2271 "-" "Mozilla/5.0 (Macintosh; Intel Mac OS X 10_10_3) AppleWebKit/537.36 (KHTML, like Gecko) Chrome/44.0.2403.157 Safari/537.36"
::1 - - [Fri, 08 Jan 2016 12:27:55 GMT] "GET /vendor/flat-ui/fonts/lato/lato-bold.woff HTTP/1.1" 304 - "http://localhost:3000/" "Mozilla/5.0 (iPhone; CPU iPhone OS 8_0 like Mac OS X) AppleWebKit/600.1.3 (KHTML, like Gecko) Version/8.0 Mobile/12A4345d Safari/600.1.4"
::1 - - [Fri, 08 Jan 2016 12:28:38 GMT] "GET / HTTP/1.1" 200 2275 "-" "Mozilla/5.0 (iPhone; CPU iPhone OS 8_0 like Mac OS X) AppleWebKit/600.1.3 (KHTML, like Gecko) Version/8.0 Mobile/12A4345d Safari/600.1.4"
::1 - - [Fri, 08 Jan 2016 12:28:38 GMT] "GET /vendor/flat-ui/css/vendor/bootstrap.min.css HTTP/1.1" 304 - "http://localhost:3000/" "Mozilla/5.0 (iPhone; CPU iPhone OS 8_0 like Mac OS X) AppleWebKit/600.1.3 (KHTML, like Gecko) Version/8.0 Mobile/12A4345d Safari/600.1.4"
::1 - - [Fri, 08 Jan 2016 12:28:38 GMT] "GET /assets/css/style.css HTTP/1.1" 304 - "http://localhost:3000/" "Mozilla/5.0 (iPhone; CPU iPhone OS 8_0 like Mac OS X) AppleWebKit/600.1.3 (KHTML, like Gecko) Version/8.0 Mobile/12A4345d Safari/600.1.4"
::1 - - [Fri, 08 Jan 2016 12:28:38 GMT] "GET /vendor/flat-ui/css/flat-ui.css HTTP/1.1" 304 - "http://localhost:3000/" "Mozilla/5.0 (iPhone; CPU iPhone OS 8_0 like Mac OS X) AppleWebKit/600.1.3 (KHTML, like Gecko) Version/8.0 Mobile/12A4345d Safari/600.1.4"
::1 - - [Fri, 08 Jan 2016 12:28:38 GMT] "GET /vendor/bootstrap-social/bootstrap-social.css HTTP/1.1" 304 - "http://localhost:3000/" "Mozilla/5.0 (iPhone; CPU iPhone OS 8_0 like Mac OS X) AppleWebKit/600.1.3 (KHTML, like Gecko) Version/8.0 Mobile/12A4345d Safari/600.1.4"
::1 - - [Fri, 08 Jan 2016 12:28:38 GMT] "GET /vendor/jquery/jquery.min.js HTTP/1.1" 304 - "http://localhost:3000/" "Mozilla/5.0 (iPhone; CPU iPhone OS 8_0 like Mac OS X) AppleWebKit/600.1.3 (KHTML, like Gecko) Version/8.0 Mobile/12A4345d Safari/600.1.4"
::1 - - [Fri, 08 Jan 2016 12:28:38 GMT] "GET /vendor/flat-ui/js/vendor/html5shiv.js HTTP/1.1" 304 - "http://localhost:3000/" "Mozilla/5.0 (iPhone; CPU iPhone OS 8_0 like Mac OS X) AppleWebKit/600.1.3 (KHTML, like Gecko) Version/8.0 Mobile/12A4345d Safari/600.1.4"
::1 - - [Fri, 08 Jan 2016 12:28:38 GMT] "GET /vendor/flat-ui/js/vendor/respond.min.js HTTP/1.1" 304 - "http://localhost:3000/" "Mozilla/5.0 (iPhone; CPU iPhone OS 8_0 like Mac OS X) AppleWebKit/600.1.3 (KHTML, like Gecko) Version/8.0 Mobile/12A4345d Safari/600.1.4"
::1 - - [Fri, 08 Jan 2016 12:28:38 GMT] "GET /vendor/flat-ui/js/vendor/video.js HTTP/1.1" 304 - "http://localhost:3000/" "Mozilla/5.0 (iPhone; CPU iPhone OS 8_0 like Mac OS X) AppleWebKit/600.1.3 (KHTML, like Gecko) Version/8.0 Mobile/12A4345d Safari/600.1.4"
::1 - - [Fri, 08 Jan 2016 12:28:38 GMT] "GET /vendor/flat-ui/js/flat-ui.min.js HTTP/1.1" 304 - "http://localhost:3000/" "Mozilla/5.0 (iPhone; CPU iPhone OS 8_0 like Mac OS X) AppleWebKit/600.1.3 (KHTML, like Gecko) Version/8.0 Mobile/12A4345d Safari/600.1.4"
::1 - - [Fri, 08 Jan 2016 12:28:38 GMT] "GET /vendor/angular-full/angular.min.js HTTP/1.1" 304 - "http://localhost:3000/" "Mozilla/5.0 (iPhone; CPU iPhone OS 8_0 like Mac OS X) AppleWebKit/600.1.3 (KHTML, like Gecko) Version/8.0 Mobile/12A4345d Safari/600.1.4"
::1 - - [Fri, 08 Jan 2016 12:28:38 GMT] "GET /vendor/angular-full/angular-resource.min.js HTTP/1.1" 304 - "http://localhost:3000/" "Mozilla/5.0 (iPhone; CPU iPhone OS 8_0 like Mac OS X) AppleWebKit/600.1.3 (KHTML, like Gecko) Version/8.0 Mobile/12A4345d Safari/600.1.4"
::1 - - [Fri, 08 Jan 2016 12:28:38 GMT] "GET /vendor/angular-full/angular-cookies.min.js HTTP/1.1" 304 - "http://localhost:3000/" "Mozilla/5.0 (iPhone; CPU iPhone OS 8_0 like Mac OS X) AppleWebKit/600.1.3 (KHTML, like Gecko) Version/8.0 Mobile/12A4345d Safari/600.1.4"
::1 - - [Fri, 08 Jan 2016 12:28:38 GMT] "GET /vendor/angular-full/angular-route.js HTTP/1.1" 304 - "http://localhost:3000/" "Mozilla/5.0 (iPhone; CPU iPhone OS 8_0 like Mac OS X) AppleWebKit/600.1.3 (KHTML, like Gecko) Version/8.0 Mobile/12A4345d Safari/600.1.4"
::1 - - [Fri, 08 Jan 2016 12:28:38 GMT] "GET /vendor/angular-moment/angular-moment.js HTTP/1.1" 304 - "http://localhost:3000/" "Mozilla/5.0 (iPhone; CPU iPhone OS 8_0 like Mac OS X) AppleWebKit/600.1.3 (KHTML, like Gecko) Version/8.0 Mobile/12A4345d Safari/600.1.4"
::1 - - [Fri, 08 Jan 2016 12:28:38 GMT] "GET /vendor/ngstorage/ngStorage.min.js HTTP/1.1" 304 - "http://localhost:3000/" "Mozilla/5.0 (iPhone; CPU iPhone OS 8_0 like Mac OS X) AppleWebKit/600.1.3 (KHTML, like Gecko) Version/8.0 Mobile/12A4345d Safari/600.1.4"
::1 - - [Fri, 08 Jan 2016 12:28:38 GMT] "GET /vendor/angular-ui-router/angular-ui-router.min.js HTTP/1.1" 304 - "http://localhost:3000/" "Mozilla/5.0 (iPhone; CPU iPhone OS 8_0 like Mac OS X) AppleWebKit/600.1.3 (KHTML, like Gecko) Version/8.0 Mobile/12A4345d Safari/600.1.4"
::1 - - [Fri, 08 Jan 2016 12:28:38 GMT] "GET /vendor/angular-clipboard/angular-clipboard.js HTTP/1.1" 304 - "http://localhost:3000/" "Mozilla/5.0 (iPhone; CPU iPhone OS 8_0 like Mac OS X) AppleWebKit/600.1.3 (KHTML, like Gecko) Version/8.0 Mobile/12A4345d Safari/600.1.4"
::1 - - [Fri, 08 Jan 2016 12:28:38 GMT] "GET /vendor/angular-http-auth/http-auth-interceptor.js HTTP/1.1" 304 - "http://localhost:3000/" "Mozilla/5.0 (iPhone; CPU iPhone OS 8_0 like Mac OS X) AppleWebKit/600.1.3 (KHTML, like Gecko) Version/8.0 Mobile/12A4345d Safari/600.1.4"
::1 - - [Fri, 08 Jan 2016 12:28:38 GMT] "GET /common/directives/match.js HTTP/1.1" 304 - "http://localhost:3000/" "Mozilla/5.0 (iPhone; CPU iPhone OS 8_0 like Mac OS X) AppleWebKit/600.1.3 (KHTML, like Gecko) Version/8.0 Mobile/12A4345d Safari/600.1.4"
::1 - - [Fri, 08 Jan 2016 12:28:38 GMT] "GET /common/directives/FormShowError.js HTTP/1.1" 304 - "http://localhost:3000/" "Mozilla/5.0 (iPhone; CPU iPhone OS 8_0 like Mac OS X) AppleWebKit/600.1.3 (KHTML, like Gecko) Version/8.0 Mobile/12A4345d Safari/600.1.4"
::1 - - [Fri, 08 Jan 2016 12:28:38 GMT] "GET /common/directives/scrollGlue.js HTTP/1.1" 304 - "http://localhost:3000/" "Mozilla/5.0 (iPhone; CPU iPhone OS 8_0 like Mac OS X) AppleWebKit/600.1.3 (KHTML, like Gecko) Version/8.0 Mobile/12A4345d Safari/600.1.4"
::1 - - [Fri, 08 Jan 2016 12:28:38 GMT] "GET /app/authorization/AuthServices.js HTTP/1.1" 304 - "http://localhost:3000/" "Mozilla/5.0 (iPhone; CPU iPhone OS 8_0 like Mac OS X) AppleWebKit/600.1.3 (KHTML, like Gecko) Version/8.0 Mobile/12A4345d Safari/600.1.4"
::1 - - [Fri, 08 Jan 2016 12:28:38 GMT] "GET /app/app.js HTTP/1.1" 304 - "http://localhost:3000/" "Mozilla/5.0 (iPhone; CPU iPhone OS 8_0 like Mac OS X) AppleWebKit/600.1.3 (KHTML, like Gecko) Version/8.0 Mobile/12A4345d Safari/600.1.4"
::1 - - [Fri, 08 Jan 2016 12:28:38 GMT] "GET /app/authorization/authorization.js HTTP/1.1" 304 - "http://localhost:3000/" "Mozilla/5.0 (iPhone; CPU iPhone OS 8_0 like Mac OS X) AppleWebKit/600.1.3 (KHTML, like Gecko) Version/8.0 Mobile/12A4345d Safari/600.1.4"
::1 - - [Fri, 08 Jan 2016 12:28:38 GMT] "GET /vendor/flat-ui/css/flat-ui.css.map HTTP/1.1" 304 - "-" "Mozilla/5.0 (Macintosh; Intel Mac OS X 10_10_3) AppleWebKit/537.36 (KHTML, like Gecko) Chrome/44.0.2403.157 Safari/537.36"
::1 - - [Fri, 08 Jan 2016 12:28:39 GMT] "GET /vendor/jquery/jquery.min.map HTTP/1.1" 304 - "-" "Mozilla/5.0 (Macintosh; Intel Mac OS X 10_10_3) AppleWebKit/537.36 (KHTML, like Gecko) Chrome/44.0.2403.157 Safari/537.36"
::1 - - [Fri, 08 Jan 2016 12:28:39 GMT] "GET /vendor/angular-full/angular.min.js.map HTTP/1.1" 304 - "-" "Mozilla/5.0 (Macintosh; Intel Mac OS X 10_10_3) AppleWebKit/537.36 (KHTML, like Gecko) Chrome/44.0.2403.157 Safari/537.36"
::1 - - [Fri, 08 Jan 2016 12:28:39 GMT] "GET /vendor/angular-full/angular-resource.min.js.map HTTP/1.1" 304 - "-" "Mozilla/5.0 (Macintosh; Intel Mac OS X 10_10_3) AppleWebKit/537.36 (KHTML, like Gecko) Chrome/44.0.2403.157 Safari/537.36"
::1 - - [Fri, 08 Jan 2016 12:28:39 GMT] "GET /vendor/angular-full/angular-cookies.min.js.map HTTP/1.1" 304 - "-" "Mozilla/5.0 (Macintosh; Intel Mac OS X 10_10_3) AppleWebKit/537.36 (KHTML, like Gecko) Chrome/44.0.2403.157 Safari/537.36"
::1 - - [Fri, 08 Jan 2016 12:28:39 GMT] "GET /auth/test?get=%7B%22method%22:%22GET%22,%22isArray%22:false%7D HTTP/1.1" 304 - "http://localhost:3000/" "Mozilla/5.0 (iPhone; CPU iPhone OS 8_0 like Mac OS X) AppleWebKit/600.1.3 (KHTML, like Gecko) Version/8.0 Mobile/12A4345d Safari/600.1.4"
::1 - - [Fri, 08 Jan 2016 12:28:39 GMT] "GET /app/header.tpl.html HTTP/1.1" 304 - "http://localhost:3000/" "Mozilla/5.0 (iPhone; CPU iPhone OS 8_0 like Mac OS X) AppleWebKit/600.1.3 (KHTML, like Gecko) Version/8.0 Mobile/12A4345d Safari/600.1.4"
::1 - - [Fri, 08 Jan 2016 12:28:39 GMT] "GET /app/footer.tpl.html HTTP/1.1" 304 - "http://localhost:3000/" "Mozilla/5.0 (iPhone; CPU iPhone OS 8_0 like Mac OS X) AppleWebKit/600.1.3 (KHTML, like Gecko) Version/8.0 Mobile/12A4345d Safari/600.1.4"
::1 - - [Fri, 08 Jan 2016 12:28:39 GMT] "GET /app/index.tpl.html HTTP/1.1" 304 - "http://localhost:3000/" "Mozilla/5.0 (iPhone; CPU iPhone OS 8_0 like Mac OS X) AppleWebKit/600.1.3 (KHTML, like Gecko) Version/8.0 Mobile/12A4345d Safari/600.1.4"
::1 - - [Fri, 08 Jan 2016 12:28:39 GMT] "GET /vendor/flat-ui/fonts/lato/lato-regular.woff HTTP/1.1" 304 - "http://localhost:3000/" "Mozilla/5.0 (iPhone; CPU iPhone OS 8_0 like Mac OS X) AppleWebKit/600.1.3 (KHTML, like Gecko) Version/8.0 Mobile/12A4345d Safari/600.1.4"
::1 - - [Fri, 08 Jan 2016 12:28:39 GMT] "GET /vendor/flat-ui/fonts/lato/lato-bold.woff HTTP/1.1" 304 - "http://localhost:3000/" "Mozilla/5.0 (iPhone; CPU iPhone OS 8_0 like Mac OS X) AppleWebKit/600.1.3 (KHTML, like Gecko) Version/8.0 Mobile/12A4345d Safari/600.1.4"
::1 - - [Fri, 08 Jan 2016 12:28:43 GMT] "GET /vendor/flat-ui/css/fonts/glyphicons-halflings-regular.woff HTTP/1.1" 304 - "http://localhost:3000/" "Mozilla/5.0 (iPhone; CPU iPhone OS 8_0 like Mac OS X) AppleWebKit/600.1.3 (KHTML, like Gecko) Version/8.0 Mobile/12A4345d Safari/600.1.4"
::1 - - [Fri, 08 Jan 2016 12:28:44 GMT] "GET /app/authorization/settings.tpl.html HTTP/1.1" 304 - "http://localhost:3000/" "Mozilla/5.0 (iPhone; CPU iPhone OS 8_0 like Mac OS X) AppleWebKit/600.1.3 (KHTML, like Gecko) Version/8.0 Mobile/12A4345d Safari/600.1.4"
::1 - - [Fri, 08 Jan 2016 12:28:45 GMT] "GET /auth/test?get=%7B%22method%22:%22GET%22,%22isArray%22:false%7D HTTP/1.1" 304 - "http://localhost:3000/" "Mozilla/5.0 (iPhone; CPU iPhone OS 8_0 like Mac OS X) AppleWebKit/600.1.3 (KHTML, like Gecko) Version/8.0 Mobile/12A4345d Safari/600.1.4"
::1 - - [Fri, 08 Jan 2016 12:28:48 GMT] "GET / HTTP/1.1" 304 - "-" "Mozilla/5.0 (iPhone; CPU iPhone OS 8_0 like Mac OS X) AppleWebKit/600.1.3 (KHTML, like Gecko) Version/8.0 Mobile/12A4345d Safari/600.1.4"
::1 - - [Fri, 08 Jan 2016 12:28:48 GMT] "GET /vendor/flat-ui/css/vendor/bootstrap.min.css HTTP/1.1" 304 - "http://localhost:3000/" "Mozilla/5.0 (iPhone; CPU iPhone OS 8_0 like Mac OS X) AppleWebKit/600.1.3 (KHTML, like Gecko) Version/8.0 Mobile/12A4345d Safari/600.1.4"
::1 - - [Fri, 08 Jan 2016 12:28:48 GMT] "GET /vendor/flat-ui/css/flat-ui.css HTTP/1.1" 304 - "http://localhost:3000/" "Mozilla/5.0 (iPhone; CPU iPhone OS 8_0 like Mac OS X) AppleWebKit/600.1.3 (KHTML, like Gecko) Version/8.0 Mobile/12A4345d Safari/600.1.4"
::1 - - [Fri, 08 Jan 2016 12:28:48 GMT] "GET /assets/css/style.css HTTP/1.1" 304 - "http://localhost:3000/" "Mozilla/5.0 (iPhone; CPU iPhone OS 8_0 like Mac OS X) AppleWebKit/600.1.3 (KHTML, like Gecko) Version/8.0 Mobile/12A4345d Safari/600.1.4"
::1 - - [Fri, 08 Jan 2016 12:28:48 GMT] "GET /vendor/bootstrap-social/bootstrap-social.css HTTP/1.1" 304 - "http://localhost:3000/" "Mozilla/5.0 (iPhone; CPU iPhone OS 8_0 like Mac OS X) AppleWebKit/600.1.3 (KHTML, like Gecko) Version/8.0 Mobile/12A4345d Safari/600.1.4"
::1 - - [Fri, 08 Jan 2016 12:28:48 GMT] "GET /vendor/jquery/jquery.min.js HTTP/1.1" 304 - "http://localhost:3000/" "Mozilla/5.0 (iPhone; CPU iPhone OS 8_0 like Mac OS X) AppleWebKit/600.1.3 (KHTML, like Gecko) Version/8.0 Mobile/12A4345d Safari/600.1.4"
::1 - - [Fri, 08 Jan 2016 12:28:48 GMT] "GET /vendor/flat-ui/js/vendor/html5shiv.js HTTP/1.1" 304 - "http://localhost:3000/" "Mozilla/5.0 (iPhone; CPU iPhone OS 8_0 like Mac OS X) AppleWebKit/600.1.3 (KHTML, like Gecko) Version/8.0 Mobile/12A4345d Safari/600.1.4"
::1 - - [Fri, 08 Jan 2016 12:28:48 GMT] "GET /vendor/flat-ui/js/vendor/respond.min.js HTTP/1.1" 304 - "http://localhost:3000/" "Mozilla/5.0 (iPhone; CPU iPhone OS 8_0 like Mac OS X) AppleWebKit/600.1.3 (KHTML, like Gecko) Version/8.0 Mobile/12A4345d Safari/600.1.4"
::1 - - [Fri, 08 Jan 2016 12:28:48 GMT] "GET /vendor/flat-ui/js/vendor/video.js HTTP/1.1" 304 - "http://localhost:3000/" "Mozilla/5.0 (iPhone; CPU iPhone OS 8_0 like Mac OS X) AppleWebKit/600.1.3 (KHTML, like Gecko) Version/8.0 Mobile/12A4345d Safari/600.1.4"
::1 - - [Fri, 08 Jan 2016 12:28:48 GMT] "GET /vendor/flat-ui/js/flat-ui.min.js HTTP/1.1" 304 - "http://localhost:3000/" "Mozilla/5.0 (iPhone; CPU iPhone OS 8_0 like Mac OS X) AppleWebKit/600.1.3 (KHTML, like Gecko) Version/8.0 Mobile/12A4345d Safari/600.1.4"
::1 - - [Fri, 08 Jan 2016 12:28:48 GMT] "GET /vendor/angular-full/angular.min.js HTTP/1.1" 304 - "http://localhost:3000/" "Mozilla/5.0 (iPhone; CPU iPhone OS 8_0 like Mac OS X) AppleWebKit/600.1.3 (KHTML, like Gecko) Version/8.0 Mobile/12A4345d Safari/600.1.4"
::1 - - [Fri, 08 Jan 2016 12:28:48 GMT] "GET /vendor/angular-full/angular-resource.min.js HTTP/1.1" 304 - "http://localhost:3000/" "Mozilla/5.0 (iPhone; CPU iPhone OS 8_0 like Mac OS X) AppleWebKit/600.1.3 (KHTML, like Gecko) Version/8.0 Mobile/12A4345d Safari/600.1.4"
::1 - - [Fri, 08 Jan 2016 12:28:48 GMT] "GET /vendor/angular-full/angular-cookies.min.js HTTP/1.1" 304 - "http://localhost:3000/" "Mozilla/5.0 (iPhone; CPU iPhone OS 8_0 like Mac OS X) AppleWebKit/600.1.3 (KHTML, like Gecko) Version/8.0 Mobile/12A4345d Safari/600.1.4"
::1 - - [Fri, 08 Jan 2016 12:28:48 GMT] "GET /vendor/angular-full/angular-route.js HTTP/1.1" 304 - "http://localhost:3000/" "Mozilla/5.0 (iPhone; CPU iPhone OS 8_0 like Mac OS X) AppleWebKit/600.1.3 (KHTML, like Gecko) Version/8.0 Mobile/12A4345d Safari/600.1.4"
::1 - - [Fri, 08 Jan 2016 12:28:48 GMT] "GET /vendor/angular-moment/angular-moment.js HTTP/1.1" 304 - "http://localhost:3000/" "Mozilla/5.0 (iPhone; CPU iPhone OS 8_0 like Mac OS X) AppleWebKit/600.1.3 (KHTML, like Gecko) Version/8.0 Mobile/12A4345d Safari/600.1.4"
::1 - - [Fri, 08 Jan 2016 12:28:48 GMT] "GET /vendor/ngstorage/ngStorage.min.js HTTP/1.1" 304 - "http://localhost:3000/" "Mozilla/5.0 (iPhone; CPU iPhone OS 8_0 like Mac OS X) AppleWebKit/600.1.3 (KHTML, like Gecko) Version/8.0 Mobile/12A4345d Safari/600.1.4"
::1 - - [Fri, 08 Jan 2016 12:28:48 GMT] "GET /vendor/angular-ui-router/angular-ui-router.min.js HTTP/1.1" 304 - "http://localhost:3000/" "Mozilla/5.0 (iPhone; CPU iPhone OS 8_0 like Mac OS X) AppleWebKit/600.1.3 (KHTML, like Gecko) Version/8.0 Mobile/12A4345d Safari/600.1.4"
::1 - - [Fri, 08 Jan 2016 12:28:48 GMT] "GET /vendor/angular-clipboard/angular-clipboard.js HTTP/1.1" 304 - "http://localhost:3000/" "Mozilla/5.0 (iPhone; CPU iPhone OS 8_0 like Mac OS X) AppleWebKit/600.1.3 (KHTML, like Gecko) Version/8.0 Mobile/12A4345d Safari/600.1.4"
::1 - - [Fri, 08 Jan 2016 12:28:48 GMT] "GET /vendor/angular-http-auth/http-auth-interceptor.js HTTP/1.1" 304 - "http://localhost:3000/" "Mozilla/5.0 (iPhone; CPU iPhone OS 8_0 like Mac OS X) AppleWebKit/600.1.3 (KHTML, like Gecko) Version/8.0 Mobile/12A4345d Safari/600.1.4"
::1 - - [Fri, 08 Jan 2016 12:28:48 GMT] "GET /common/directives/match.js HTTP/1.1" 304 - "http://localhost:3000/" "Mozilla/5.0 (iPhone; CPU iPhone OS 8_0 like Mac OS X) AppleWebKit/600.1.3 (KHTML, like Gecko) Version/8.0 Mobile/12A4345d Safari/600.1.4"
::1 - - [Fri, 08 Jan 2016 12:28:48 GMT] "GET /common/directives/FormShowError.js HTTP/1.1" 304 - "http://localhost:3000/" "Mozilla/5.0 (iPhone; CPU iPhone OS 8_0 like Mac OS X) AppleWebKit/600.1.3 (KHTML, like Gecko) Version/8.0 Mobile/12A4345d Safari/600.1.4"
::1 - - [Fri, 08 Jan 2016 12:28:48 GMT] "GET /common/directives/scrollGlue.js HTTP/1.1" 304 - "http://localhost:3000/" "Mozilla/5.0 (iPhone; CPU iPhone OS 8_0 like Mac OS X) AppleWebKit/600.1.3 (KHTML, like Gecko) Version/8.0 Mobile/12A4345d Safari/600.1.4"
::1 - - [Fri, 08 Jan 2016 12:28:48 GMT] "GET /app/authorization/AuthServices.js HTTP/1.1" 304 - "http://localhost:3000/" "Mozilla/5.0 (iPhone; CPU iPhone OS 8_0 like Mac OS X) AppleWebKit/600.1.3 (KHTML, like Gecko) Version/8.0 Mobile/12A4345d Safari/600.1.4"
::1 - - [Fri, 08 Jan 2016 12:28:48 GMT] "GET /app/app.js HTTP/1.1" 304 - "http://localhost:3000/" "Mozilla/5.0 (iPhone; CPU iPhone OS 8_0 like Mac OS X) AppleWebKit/600.1.3 (KHTML, like Gecko) Version/8.0 Mobile/12A4345d Safari/600.1.4"
::1 - - [Fri, 08 Jan 2016 12:28:48 GMT] "GET /app/authorization/authorization.js HTTP/1.1" 304 - "http://localhost:3000/" "Mozilla/5.0 (iPhone; CPU iPhone OS 8_0 like Mac OS X) AppleWebKit/600.1.3 (KHTML, like Gecko) Version/8.0 Mobile/12A4345d Safari/600.1.4"
::1 - - [Fri, 08 Jan 2016 12:28:48 GMT] "GET /vendor/flat-ui/css/flat-ui.css.map HTTP/1.1" 304 - "-" "Mozilla/5.0 (Macintosh; Intel Mac OS X 10_10_3) AppleWebKit/537.36 (KHTML, like Gecko) Chrome/44.0.2403.157 Safari/537.36"
::1 - - [Fri, 08 Jan 2016 12:28:48 GMT] "GET /vendor/jquery/jquery.min.map HTTP/1.1" 304 - "-" "Mozilla/5.0 (Macintosh; Intel Mac OS X 10_10_3) AppleWebKit/537.36 (KHTML, like Gecko) Chrome/44.0.2403.157 Safari/537.36"
::1 - - [Fri, 08 Jan 2016 12:28:49 GMT] "GET /vendor/angular-full/angular.min.js.map HTTP/1.1" 304 - "-" "Mozilla/5.0 (Macintosh; Intel Mac OS X 10_10_3) AppleWebKit/537.36 (KHTML, like Gecko) Chrome/44.0.2403.157 Safari/537.36"
::1 - - [Fri, 08 Jan 2016 12:28:49 GMT] "GET /vendor/angular-full/angular-resource.min.js.map HTTP/1.1" 304 - "-" "Mozilla/5.0 (Macintosh; Intel Mac OS X 10_10_3) AppleWebKit/537.36 (KHTML, like Gecko) Chrome/44.0.2403.157 Safari/537.36"
::1 - - [Fri, 08 Jan 2016 12:28:49 GMT] "GET /vendor/flat-ui/fonts/lato/lato-regular.woff HTTP/1.1" 304 - "http://localhost:3000/" "Mozilla/5.0 (iPhone; CPU iPhone OS 8_0 like Mac OS X) AppleWebKit/600.1.3 (KHTML, like Gecko) Version/8.0 Mobile/12A4345d Safari/600.1.4"
::1 - - [Fri, 08 Jan 2016 12:28:49 GMT] "GET /vendor/angular-full/angular-cookies.min.js.map HTTP/1.1" 304 - "-" "Mozilla/5.0 (Macintosh; Intel Mac OS X 10_10_3) AppleWebKit/537.36 (KHTML, like Gecko) Chrome/44.0.2403.157 Safari/537.36"
::1 - - [Fri, 08 Jan 2016 12:28:49 GMT] "GET /auth/test?get=%7B%22method%22:%22GET%22,%22isArray%22:false%7D HTTP/1.1" 304 - "http://localhost:3000/" "Mozilla/5.0 (iPhone; CPU iPhone OS 8_0 like Mac OS X) AppleWebKit/600.1.3 (KHTML, like Gecko) Version/8.0 Mobile/12A4345d Safari/600.1.4"
::1 - - [Fri, 08 Jan 2016 12:28:49 GMT] "GET /app/header.tpl.html HTTP/1.1" 304 - "http://localhost:3000/" "Mozilla/5.0 (iPhone; CPU iPhone OS 8_0 like Mac OS X) AppleWebKit/600.1.3 (KHTML, like Gecko) Version/8.0 Mobile/12A4345d Safari/600.1.4"
::1 - - [Fri, 08 Jan 2016 12:28:49 GMT] "GET /app/footer.tpl.html HTTP/1.1" 304 - "http://localhost:3000/" "Mozilla/5.0 (iPhone; CPU iPhone OS 8_0 like Mac OS X) AppleWebKit/600.1.3 (KHTML, like Gecko) Version/8.0 Mobile/12A4345d Safari/600.1.4"
::1 - - [Fri, 08 Jan 2016 12:28:49 GMT] "GET /app/authorization/settings.tpl.html HTTP/1.1" 304 - "http://localhost:3000/" "Mozilla/5.0 (iPhone; CPU iPhone OS 8_0 like Mac OS X) AppleWebKit/600.1.3 (KHTML, like Gecko) Version/8.0 Mobile/12A4345d Safari/600.1.4"
::1 - - [Fri, 08 Jan 2016 12:28:49 GMT] "GET /auth/test?get=%7B%22method%22:%22GET%22,%22isArray%22:false%7D HTTP/1.1" 304 - "http://localhost:3000/" "Mozilla/5.0 (iPhone; CPU iPhone OS 8_0 like Mac OS X) AppleWebKit/600.1.3 (KHTML, like Gecko) Version/8.0 Mobile/12A4345d Safari/600.1.4"
::1 - - [Fri, 08 Jan 2016 12:28:49 GMT] "GET /vendor/flat-ui/fonts/lato/lato-bold.woff HTTP/1.1" 304 - "http://localhost:3000/" "Mozilla/5.0 (iPhone; CPU iPhone OS 8_0 like Mac OS X) AppleWebKit/600.1.3 (KHTML, like Gecko) Version/8.0 Mobile/12A4345d Safari/600.1.4"
::1 - - [Fri, 08 Jan 2016 12:28:53 GMT] "GET /vendor/flat-ui/css/fonts/glyphicons-halflings-regular.woff HTTP/1.1" 304 - "http://localhost:3000/" "Mozilla/5.0 (iPhone; CPU iPhone OS 8_0 like Mac OS X) AppleWebKit/600.1.3 (KHTML, like Gecko) Version/8.0 Mobile/12A4345d Safari/600.1.4"
::1 - - [Fri, 08 Jan 2016 12:28:55 GMT] "POST /auth/logout HTTP/1.1" 200 82 "http://localhost:3000/" "Mozilla/5.0 (iPhone; CPU iPhone OS 8_0 like Mac OS X) AppleWebKit/600.1.3 (KHTML, like Gecko) Version/8.0 Mobile/12A4345d Safari/600.1.4"
::1 - - [Fri, 08 Jan 2016 12:28:55 GMT] "GET /app/index.tpl.html HTTP/1.1" 304 - "http://localhost:3000/" "Mozilla/5.0 (iPhone; CPU iPhone OS 8_0 like Mac OS X) AppleWebKit/600.1.3 (KHTML, like Gecko) Version/8.0 Mobile/12A4345d Safari/600.1.4"
::1 - - [Fri, 08 Jan 2016 12:28:57 GMT] "GET /app/authorization/login.tpl.html HTTP/1.1" 304 - "http://localhost:3000/" "Mozilla/5.0 (iPhone; CPU iPhone OS 8_0 like Mac OS X) AppleWebKit/600.1.3 (KHTML, like Gecko) Version/8.0 Mobile/12A4345d Safari/600.1.4"
::1 - - [Fri, 08 Jan 2016 12:29:04 GMT] "POST /auth/login HTTP/1.1" 200 260 "http://localhost:3000/" "Mozilla/5.0 (iPhone; CPU iPhone OS 8_0 like Mac OS X) AppleWebKit/600.1.3 (KHTML, like Gecko) Version/8.0 Mobile/12A4345d Safari/600.1.4"
::1 - - [Fri, 08 Jan 2016 12:29:27 GMT] "GET /auth/test?get=%7B%22method%22:%22GET%22,%22isArray%22:false%7D HTTP/1.1" 304 - "http://localhost:3000/" "Mozilla/5.0 (Macintosh; Intel Mac OS X 10_10_3) AppleWebKit/537.36 (KHTML, like Gecko) Chrome/44.0.2403.157 Safari/537.36"
::1 - - [Fri, 08 Jan 2016 12:30:10 GMT] "GET / HTTP/1.1" 304 - "-" "Mozilla/5.0 (Macintosh; Intel Mac OS X 10_10_3) AppleWebKit/537.36 (KHTML, like Gecko) Chrome/44.0.2403.157 Safari/537.36"
::1 - - [Fri, 08 Jan 2016 12:30:10 GMT] "GET /assets/css/style.css HTTP/1.1" 304 - "http://localhost:3000/" "Mozilla/5.0 (Macintosh; Intel Mac OS X 10_10_3) AppleWebKit/537.36 (KHTML, like Gecko) Chrome/44.0.2403.157 Safari/537.36"
::1 - - [Fri, 08 Jan 2016 12:30:10 GMT] "GET /vendor/flat-ui/css/vendor/bootstrap.min.css HTTP/1.1" 304 - "http://localhost:3000/" "Mozilla/5.0 (Macintosh; Intel Mac OS X 10_10_3) AppleWebKit/537.36 (KHTML, like Gecko) Chrome/44.0.2403.157 Safari/537.36"
::1 - - [Fri, 08 Jan 2016 12:30:10 GMT] "GET /vendor/flat-ui/css/flat-ui.css HTTP/1.1" 304 - "http://localhost:3000/" "Mozilla/5.0 (Macintosh; Intel Mac OS X 10_10_3) AppleWebKit/537.36 (KHTML, like Gecko) Chrome/44.0.2403.157 Safari/537.36"
::1 - - [Fri, 08 Jan 2016 12:30:10 GMT] "GET /vendor/bootstrap-social/bootstrap-social.css HTTP/1.1" 304 - "http://localhost:3000/" "Mozilla/5.0 (Macintosh; Intel Mac OS X 10_10_3) AppleWebKit/537.36 (KHTML, like Gecko) Chrome/44.0.2403.157 Safari/537.36"
::1 - - [Fri, 08 Jan 2016 12:30:10 GMT] "GET /vendor/jquery/jquery.min.js HTTP/1.1" 304 - "http://localhost:3000/" "Mozilla/5.0 (Macintosh; Intel Mac OS X 10_10_3) AppleWebKit/537.36 (KHTML, like Gecko) Chrome/44.0.2403.157 Safari/537.36"
::1 - - [Fri, 08 Jan 2016 12:30:10 GMT] "GET /vendor/flat-ui/js/vendor/html5shiv.js HTTP/1.1" 304 - "http://localhost:3000/" "Mozilla/5.0 (Macintosh; Intel Mac OS X 10_10_3) AppleWebKit/537.36 (KHTML, like Gecko) Chrome/44.0.2403.157 Safari/537.36"
::1 - - [Fri, 08 Jan 2016 12:30:10 GMT] "GET /vendor/flat-ui/js/vendor/respond.min.js HTTP/1.1" 304 - "http://localhost:3000/" "Mozilla/5.0 (Macintosh; Intel Mac OS X 10_10_3) AppleWebKit/537.36 (KHTML, like Gecko) Chrome/44.0.2403.157 Safari/537.36"
::1 - - [Fri, 08 Jan 2016 12:30:10 GMT] "GET /vendor/flat-ui/js/vendor/video.js HTTP/1.1" 304 - "http://localhost:3000/" "Mozilla/5.0 (Macintosh; Intel Mac OS X 10_10_3) AppleWebKit/537.36 (KHTML, like Gecko) Chrome/44.0.2403.157 Safari/537.36"
::1 - - [Fri, 08 Jan 2016 12:30:10 GMT] "GET /vendor/flat-ui/js/flat-ui.min.js HTTP/1.1" 304 - "http://localhost:3000/" "Mozilla/5.0 (Macintosh; Intel Mac OS X 10_10_3) AppleWebKit/537.36 (KHTML, like Gecko) Chrome/44.0.2403.157 Safari/537.36"
::1 - - [Fri, 08 Jan 2016 12:30:10 GMT] "GET /vendor/angular-full/angular.min.js HTTP/1.1" 304 - "http://localhost:3000/" "Mozilla/5.0 (Macintosh; Intel Mac OS X 10_10_3) AppleWebKit/537.36 (KHTML, like Gecko) Chrome/44.0.2403.157 Safari/537.36"
::1 - - [Fri, 08 Jan 2016 12:30:10 GMT] "GET /vendor/angular-full/angular-resource.min.js HTTP/1.1" 304 - "http://localhost:3000/" "Mozilla/5.0 (Macintosh; Intel Mac OS X 10_10_3) AppleWebKit/537.36 (KHTML, like Gecko) Chrome/44.0.2403.157 Safari/537.36"
::1 - - [Fri, 08 Jan 2016 12:30:10 GMT] "GET /vendor/angular-full/angular-cookies.min.js HTTP/1.1" 304 - "http://localhost:3000/" "Mozilla/5.0 (Macintosh; Intel Mac OS X 10_10_3) AppleWebKit/537.36 (KHTML, like Gecko) Chrome/44.0.2403.157 Safari/537.36"
::1 - - [Fri, 08 Jan 2016 12:30:10 GMT] "GET /vendor/angular-full/angular-route.js HTTP/1.1" 304 - "http://localhost:3000/" "Mozilla/5.0 (Macintosh; Intel Mac OS X 10_10_3) AppleWebKit/537.36 (KHTML, like Gecko) Chrome/44.0.2403.157 Safari/537.36"
::1 - - [Fri, 08 Jan 2016 12:30:10 GMT] "GET /vendor/angular-moment/angular-moment.js HTTP/1.1" 304 - "http://localhost:3000/" "Mozilla/5.0 (Macintosh; Intel Mac OS X 10_10_3) AppleWebKit/537.36 (KHTML, like Gecko) Chrome/44.0.2403.157 Safari/537.36"
::1 - - [Fri, 08 Jan 2016 12:30:10 GMT] "GET /vendor/ngstorage/ngStorage.min.js HTTP/1.1" 304 - "http://localhost:3000/" "Mozilla/5.0 (Macintosh; Intel Mac OS X 10_10_3) AppleWebKit/537.36 (KHTML, like Gecko) Chrome/44.0.2403.157 Safari/537.36"
::1 - - [Fri, 08 Jan 2016 12:30:10 GMT] "GET /vendor/angular-ui-router/angular-ui-router.min.js HTTP/1.1" 304 - "http://localhost:3000/" "Mozilla/5.0 (Macintosh; Intel Mac OS X 10_10_3) AppleWebKit/537.36 (KHTML, like Gecko) Chrome/44.0.2403.157 Safari/537.36"
::1 - - [Fri, 08 Jan 2016 12:30:10 GMT] "GET /vendor/angular-clipboard/angular-clipboard.js HTTP/1.1" 304 - "http://localhost:3000/" "Mozilla/5.0 (Macintosh; Intel Mac OS X 10_10_3) AppleWebKit/537.36 (KHTML, like Gecko) Chrome/44.0.2403.157 Safari/537.36"
::1 - - [Fri, 08 Jan 2016 12:30:10 GMT] "GET /common/directives/match.js HTTP/1.1" 304 - "http://localhost:3000/" "Mozilla/5.0 (Macintosh; Intel Mac OS X 10_10_3) AppleWebKit/537.36 (KHTML, like Gecko) Chrome/44.0.2403.157 Safari/537.36"
::1 - - [Fri, 08 Jan 2016 12:30:10 GMT] "GET /common/directives/FormShowError.js HTTP/1.1" 304 - "http://localhost:3000/" "Mozilla/5.0 (Macintosh; Intel Mac OS X 10_10_3) AppleWebKit/537.36 (KHTML, like Gecko) Chrome/44.0.2403.157 Safari/537.36"
::1 - - [Fri, 08 Jan 2016 12:30:10 GMT] "GET /vendor/angular-http-auth/http-auth-interceptor.js HTTP/1.1" 304 - "http://localhost:3000/" "Mozilla/5.0 (Macintosh; Intel Mac OS X 10_10_3) AppleWebKit/537.36 (KHTML, like Gecko) Chrome/44.0.2403.157 Safari/537.36"
::1 - - [Fri, 08 Jan 2016 12:30:10 GMT] "GET /common/directives/scrollGlue.js HTTP/1.1" 304 - "http://localhost:3000/" "Mozilla/5.0 (Macintosh; Intel Mac OS X 10_10_3) AppleWebKit/537.36 (KHTML, like Gecko) Chrome/44.0.2403.157 Safari/537.36"
::1 - - [Fri, 08 Jan 2016 12:30:10 GMT] "GET /app/authorization/AuthServices.js HTTP/1.1" 304 - "http://localhost:3000/" "Mozilla/5.0 (Macintosh; Intel Mac OS X 10_10_3) AppleWebKit/537.36 (KHTML, like Gecko) Chrome/44.0.2403.157 Safari/537.36"
::1 - - [Fri, 08 Jan 2016 12:30:10 GMT] "GET /app/app.js HTTP/1.1" 304 - "http://localhost:3000/" "Mozilla/5.0 (Macintosh; Intel Mac OS X 10_10_3) AppleWebKit/537.36 (KHTML, like Gecko) Chrome/44.0.2403.157 Safari/537.36"
::1 - - [Fri, 08 Jan 2016 12:30:10 GMT] "GET /app/authorization/authorization.js HTTP/1.1" 304 - "http://localhost:3000/" "Mozilla/5.0 (Macintosh; Intel Mac OS X 10_10_3) AppleWebKit/537.36 (KHTML, like Gecko) Chrome/44.0.2403.157 Safari/537.36"
::1 - - [Fri, 08 Jan 2016 12:30:10 GMT] "GET /vendor/flat-ui/fonts/lato/lato-regular.woff HTTP/1.1" 304 - "http://localhost:3000/" "Mozilla/5.0 (Macintosh; Intel Mac OS X 10_10_3) AppleWebKit/537.36 (KHTML, like Gecko) Chrome/44.0.2403.157 Safari/537.36"
::1 - - [Fri, 08 Jan 2016 12:30:10 GMT] "GET /auth/test?get=%7B%22method%22:%22GET%22,%22isArray%22:false%7D HTTP/1.1" 304 - "http://localhost:3000/" "Mozilla/5.0 (Macintosh; Intel Mac OS X 10_10_3) AppleWebKit/537.36 (KHTML, like Gecko) Chrome/44.0.2403.157 Safari/537.36"
::1 - - [Fri, 08 Jan 2016 12:30:10 GMT] "GET /app/header.tpl.html HTTP/1.1" 304 - "http://localhost:3000/" "Mozilla/5.0 (Macintosh; Intel Mac OS X 10_10_3) AppleWebKit/537.36 (KHTML, like Gecko) Chrome/44.0.2403.157 Safari/537.36"
::1 - - [Fri, 08 Jan 2016 12:30:10 GMT] "GET /app/footer.tpl.html HTTP/1.1" 304 - "http://localhost:3000/" "Mozilla/5.0 (Macintosh; Intel Mac OS X 10_10_3) AppleWebKit/537.36 (KHTML, like Gecko) Chrome/44.0.2403.157 Safari/537.36"
::1 - - [Fri, 08 Jan 2016 12:30:10 GMT] "GET /app/index.tpl.html HTTP/1.1" 304 - "http://localhost:3000/" "Mozilla/5.0 (Macintosh; Intel Mac OS X 10_10_3) AppleWebKit/537.36 (KHTML, like Gecko) Chrome/44.0.2403.157 Safari/537.36"
::1 - - [Fri, 08 Jan 2016 12:30:10 GMT] "GET /vendor/flat-ui/fonts/lato/lato-bold.woff HTTP/1.1" 304 - "http://localhost:3000/" "Mozilla/5.0 (Macintosh; Intel Mac OS X 10_10_3) AppleWebKit/537.36 (KHTML, like Gecko) Chrome/44.0.2403.157 Safari/537.36"
::1 - - [Fri, 08 Jan 2016 12:30:21 GMT] "GET /vendor/flat-ui/css/fonts/glyphicons-halflings-regular.woff HTTP/1.1" 304 - "http://localhost:3000/" "Mozilla/5.0 (Macintosh; Intel Mac OS X 10_10_3) AppleWebKit/537.36 (KHTML, like Gecko) Chrome/44.0.2403.157 Safari/537.36"
::1 - - [Fri, 08 Jan 2016 12:30:28 GMT] "POST /auth/logout HTTP/1.1" 200 82 "http://localhost:3000/" "Mozilla/5.0 (Macintosh; Intel Mac OS X 10_10_3) AppleWebKit/537.36 (KHTML, like Gecko) Chrome/44.0.2403.157 Safari/537.36"
::1 - - [Fri, 08 Jan 2016 12:30:34 GMT] "GET / HTTP/1.1" 304 - "-" "Mozilla/5.0 (Macintosh; Intel Mac OS X 10_10_3) AppleWebKit/537.36 (KHTML, like Gecko) Chrome/44.0.2403.157 Safari/537.36"
::1 - - [Fri, 08 Jan 2016 12:30:35 GMT] "GET /vendor/flat-ui/css/vendor/bootstrap.min.css HTTP/1.1" 304 - "http://localhost:3000/" "Mozilla/5.0 (Macintosh; Intel Mac OS X 10_10_3) AppleWebKit/537.36 (KHTML, like Gecko) Chrome/44.0.2403.157 Safari/537.36"
::1 - - [Fri, 08 Jan 2016 12:30:35 GMT] "GET /vendor/flat-ui/css/flat-ui.css HTTP/1.1" 304 - "http://localhost:3000/" "Mozilla/5.0 (Macintosh; Intel Mac OS X 10_10_3) AppleWebKit/537.36 (KHTML, like Gecko) Chrome/44.0.2403.157 Safari/537.36"
::1 - - [Fri, 08 Jan 2016 12:30:35 GMT] "GET /assets/css/style.css HTTP/1.1" 304 - "http://localhost:3000/" "Mozilla/5.0 (Macintosh; Intel Mac OS X 10_10_3) AppleWebKit/537.36 (KHTML, like Gecko) Chrome/44.0.2403.157 Safari/537.36"
::1 - - [Fri, 08 Jan 2016 12:30:35 GMT] "GET /vendor/bootstrap-social/bootstrap-social.css HTTP/1.1" 304 - "http://localhost:3000/" "Mozilla/5.0 (Macintosh; Intel Mac OS X 10_10_3) AppleWebKit/537.36 (KHTML, like Gecko) Chrome/44.0.2403.157 Safari/537.36"
::1 - - [Fri, 08 Jan 2016 12:30:35 GMT] "GET /vendor/jquery/jquery.min.js HTTP/1.1" 304 - "http://localhost:3000/" "Mozilla/5.0 (Macintosh; Intel Mac OS X 10_10_3) AppleWebKit/537.36 (KHTML, like Gecko) Chrome/44.0.2403.157 Safari/537.36"
::1 - - [Fri, 08 Jan 2016 12:30:35 GMT] "GET /vendor/flat-ui/js/vendor/html5shiv.js HTTP/1.1" 304 - "http://localhost:3000/" "Mozilla/5.0 (Macintosh; Intel Mac OS X 10_10_3) AppleWebKit/537.36 (KHTML, like Gecko) Chrome/44.0.2403.157 Safari/537.36"
::1 - - [Fri, 08 Jan 2016 12:30:35 GMT] "GET /vendor/flat-ui/js/vendor/respond.min.js HTTP/1.1" 304 - "http://localhost:3000/" "Mozilla/5.0 (Macintosh; Intel Mac OS X 10_10_3) AppleWebKit/537.36 (KHTML, like Gecko) Chrome/44.0.2403.157 Safari/537.36"
::1 - - [Fri, 08 Jan 2016 12:30:35 GMT] "GET /vendor/flat-ui/js/vendor/video.js HTTP/1.1" 304 - "http://localhost:3000/" "Mozilla/5.0 (Macintosh; Intel Mac OS X 10_10_3) AppleWebKit/537.36 (KHTML, like Gecko) Chrome/44.0.2403.157 Safari/537.36"
::1 - - [Fri, 08 Jan 2016 12:30:35 GMT] "GET /vendor/flat-ui/js/flat-ui.min.js HTTP/1.1" 304 - "http://localhost:3000/" "Mozilla/5.0 (Macintosh; Intel Mac OS X 10_10_3) AppleWebKit/537.36 (KHTML, like Gecko) Chrome/44.0.2403.157 Safari/537.36"
::1 - - [Fri, 08 Jan 2016 12:30:35 GMT] "GET /vendor/angular-full/angular.min.js HTTP/1.1" 304 - "http://localhost:3000/" "Mozilla/5.0 (Macintosh; Intel Mac OS X 10_10_3) AppleWebKit/537.36 (KHTML, like Gecko) Chrome/44.0.2403.157 Safari/537.36"
::1 - - [Fri, 08 Jan 2016 12:30:35 GMT] "GET /vendor/angular-full/angular-resource.min.js HTTP/1.1" 304 - "http://localhost:3000/" "Mozilla/5.0 (Macintosh; Intel Mac OS X 10_10_3) AppleWebKit/537.36 (KHTML, like Gecko) Chrome/44.0.2403.157 Safari/537.36"
::1 - - [Fri, 08 Jan 2016 12:30:35 GMT] "GET /vendor/angular-full/angular-cookies.min.js HTTP/1.1" 304 - "http://localhost:3000/" "Mozilla/5.0 (Macintosh; Intel Mac OS X 10_10_3) AppleWebKit/537.36 (KHTML, like Gecko) Chrome/44.0.2403.157 Safari/537.36"
::1 - - [Fri, 08 Jan 2016 12:30:35 GMT] "GET /vendor/angular-full/angular-route.js HTTP/1.1" 304 - "http://localhost:3000/" "Mozilla/5.0 (Macintosh; Intel Mac OS X 10_10_3) AppleWebKit/537.36 (KHTML, like Gecko) Chrome/44.0.2403.157 Safari/537.36"
::1 - - [Fri, 08 Jan 2016 12:30:35 GMT] "GET /vendor/angular-moment/angular-moment.js HTTP/1.1" 304 - "http://localhost:3000/" "Mozilla/5.0 (Macintosh; Intel Mac OS X 10_10_3) AppleWebKit/537.36 (KHTML, like Gecko) Chrome/44.0.2403.157 Safari/537.36"
::1 - - [Fri, 08 Jan 2016 12:30:35 GMT] "GET /common/directives/match.js HTTP/1.1" 304 - "http://localhost:3000/" "Mozilla/5.0 (Macintosh; Intel Mac OS X 10_10_3) AppleWebKit/537.36 (KHTML, like Gecko) Chrome/44.0.2403.157 Safari/537.36"
::1 - - [Fri, 08 Jan 2016 12:30:35 GMT] "GET /vendor/ngstorage/ngStorage.min.js HTTP/1.1" 304 - "http://localhost:3000/" "Mozilla/5.0 (Macintosh; Intel Mac OS X 10_10_3) AppleWebKit/537.36 (KHTML, like Gecko) Chrome/44.0.2403.157 Safari/537.36"
::1 - - [Fri, 08 Jan 2016 12:30:35 GMT] "GET /vendor/angular-ui-router/angular-ui-router.min.js HTTP/1.1" 304 - "http://localhost:3000/" "Mozilla/5.0 (Macintosh; Intel Mac OS X 10_10_3) AppleWebKit/537.36 (KHTML, like Gecko) Chrome/44.0.2403.157 Safari/537.36"
::1 - - [Fri, 08 Jan 2016 12:30:35 GMT] "GET /vendor/angular-clipboard/angular-clipboard.js HTTP/1.1" 304 - "http://localhost:3000/" "Mozilla/5.0 (Macintosh; Intel Mac OS X 10_10_3) AppleWebKit/537.36 (KHTML, like Gecko) Chrome/44.0.2403.157 Safari/537.36"
::1 - - [Fri, 08 Jan 2016 12:30:35 GMT] "GET /vendor/angular-http-auth/http-auth-interceptor.js HTTP/1.1" 304 - "http://localhost:3000/" "Mozilla/5.0 (Macintosh; Intel Mac OS X 10_10_3) AppleWebKit/537.36 (KHTML, like Gecko) Chrome/44.0.2403.157 Safari/537.36"
::1 - - [Fri, 08 Jan 2016 12:30:35 GMT] "GET /common/directives/FormShowError.js HTTP/1.1" 304 - "http://localhost:3000/" "Mozilla/5.0 (Macintosh; Intel Mac OS X 10_10_3) AppleWebKit/537.36 (KHTML, like Gecko) Chrome/44.0.2403.157 Safari/537.36"
::1 - - [Fri, 08 Jan 2016 12:30:35 GMT] "GET /common/directives/scrollGlue.js HTTP/1.1" 304 - "http://localhost:3000/" "Mozilla/5.0 (Macintosh; Intel Mac OS X 10_10_3) AppleWebKit/537.36 (KHTML, like Gecko) Chrome/44.0.2403.157 Safari/537.36"
::1 - - [Fri, 08 Jan 2016 12:30:35 GMT] "GET /app/authorization/AuthServices.js HTTP/1.1" 304 - "http://localhost:3000/" "Mozilla/5.0 (Macintosh; Intel Mac OS X 10_10_3) AppleWebKit/537.36 (KHTML, like Gecko) Chrome/44.0.2403.157 Safari/537.36"
::1 - - [Fri, 08 Jan 2016 12:30:35 GMT] "GET /app/app.js HTTP/1.1" 304 - "http://localhost:3000/" "Mozilla/5.0 (Macintosh; Intel Mac OS X 10_10_3) AppleWebKit/537.36 (KHTML, like Gecko) Chrome/44.0.2403.157 Safari/537.36"
::1 - - [Fri, 08 Jan 2016 12:30:35 GMT] "GET /app/authorization/authorization.js HTTP/1.1" 304 - "http://localhost:3000/" "Mozilla/5.0 (Macintosh; Intel Mac OS X 10_10_3) AppleWebKit/537.36 (KHTML, like Gecko) Chrome/44.0.2403.157 Safari/537.36"
::1 - - [Fri, 08 Jan 2016 12:30:35 GMT] "GET /vendor/flat-ui/fonts/lato/lato-regular.woff HTTP/1.1" 304 - "http://localhost:3000/" "Mozilla/5.0 (Macintosh; Intel Mac OS X 10_10_3) AppleWebKit/537.36 (KHTML, like Gecko) Chrome/44.0.2403.157 Safari/537.36"
::1 - - [Fri, 08 Jan 2016 12:30:35 GMT] "GET /app/authorization/AuthServices.js HTTP/1.1" 304 - "http://localhost:3000/" "Mozilla/5.0 (Macintosh; Intel Mac OS X 10_10_3) AppleWebKit/537.36 (KHTML, like Gecko) Chrome/44.0.2403.157 Safari/537.36"
::1 - - [Fri, 08 Jan 2016 12:30:35 GMT] "GET /app/header.tpl.html HTTP/1.1" 304 - "http://localhost:3000/" "Mozilla/5.0 (Macintosh; Intel Mac OS X 10_10_3) AppleWebKit/537.36 (KHTML, like Gecko) Chrome/44.0.2403.157 Safari/537.36"
::1 - - [Fri, 08 Jan 2016 12:30:35 GMT] "GET /app/footer.tpl.html HTTP/1.1" 304 - "http://localhost:3000/" "Mozilla/5.0 (Macintosh; Intel Mac OS X 10_10_3) AppleWebKit/537.36 (KHTML, like Gecko) Chrome/44.0.2403.157 Safari/537.36"
::1 - - [Fri, 08 Jan 2016 12:30:35 GMT] "GET /app/index.tpl.html HTTP/1.1" 304 - "http://localhost:3000/" "Mozilla/5.0 (Macintosh; Intel Mac OS X 10_10_3) AppleWebKit/537.36 (KHTML, like Gecko) Chrome/44.0.2403.157 Safari/537.36"
::1 - - [Fri, 08 Jan 2016 12:30:35 GMT] "GET /vendor/flat-ui/fonts/lato/lato-bold.woff HTTP/1.1" 304 - "http://localhost:3000/" "Mozilla/5.0 (Macintosh; Intel Mac OS X 10_10_3) AppleWebKit/537.36 (KHTML, like Gecko) Chrome/44.0.2403.157 Safari/537.36"
::1 - - [Fri, 08 Jan 2016 12:30:54 GMT] "GET /app/authorization/login.tpl.html HTTP/1.1" 304 - "http://localhost:3000/" "Mozilla/5.0 (Macintosh; Intel Mac OS X 10_10_3) AppleWebKit/537.36 (KHTML, like Gecko) Chrome/44.0.2403.157 Safari/537.36"
::1 - - [Fri, 08 Jan 2016 12:31:00 GMT] "POST /auth/login HTTP/1.1" 200 260 "http://localhost:3000/" "Mozilla/5.0 (Macintosh; Intel Mac OS X 10_10_3) AppleWebKit/537.36 (KHTML, like Gecko) Chrome/44.0.2403.157 Safari/537.36"
::1 - - [Fri, 08 Jan 2016 12:31:09 GMT] "GET /vendor/flat-ui/css/fonts/glyphicons-halflings-regular.woff HTTP/1.1" 304 - "http://localhost:3000/" "Mozilla/5.0 (Macintosh; Intel Mac OS X 10_10_3) AppleWebKit/537.36 (KHTML, like Gecko) Chrome/44.0.2403.157 Safari/537.36"
::1 - - [Fri, 08 Jan 2016 12:31:10 GMT] "GET /app/authorization/settings.tpl.html HTTP/1.1" 304 - "http://localhost:3000/" "Mozilla/5.0 (Macintosh; Intel Mac OS X 10_10_3) AppleWebKit/537.36 (KHTML, like Gecko) Chrome/44.0.2403.157 Safari/537.36"
::1 - - [Fri, 08 Jan 2016 12:31:10 GMT] "GET /auth/test?get=%7B%22method%22:%22GET%22,%22isArray%22:false%7D HTTP/1.1" 304 - "http://localhost:3000/" "Mozilla/5.0 (Macintosh; Intel Mac OS X 10_10_3) AppleWebKit/537.36 (KHTML, like Gecko) Chrome/44.0.2403.157 Safari/537.36"
